Configuring ansi-terminal-0.6.3.1...
Building ansi-terminal-0.6.3.1...
Preprocessing library ansi-terminal-0.6.3.1...
[1 of 4] Compiling System.Console.ANSI.Types ( System/Console/ANSI/Types.hs, .stack-work/dist/x86_64-osx/Cabal-1.24.2.0/build/System/Console/ANSI/Types.o )
[2 of 4] Compiling System.Console.ANSI.Codes ( System/Console/ANSI/Codes.hs, .stack-work/dist/x86_64-osx/Cabal-1.24.2.0/build/System/Console/ANSI/Codes.o )
[3 of 4] Compiling System.Console.ANSI.Unix ( System/Console/ANSI/Unix.hs, .stack-work/dist/x86_64-osx/Cabal-1.24.2.0/build/System/Console/ANSI/Unix.o )
[4 of 4] Compiling System.Console.ANSI ( System/Console/ANSI.hs, .stack-work/dist/x86_64-osx/Cabal-1.24.2.0/build/System/Console/ANSI.o )
Running Haddock for ansi-terminal-0.6.3.1...
Preprocessing library ansi-terminal-0.6.3.1...
Haddock coverage:
 100% (  8 /  8) in 'System.Console.ANSI.Types'
  47% ( 17 / 36) in 'System.Console.ANSI.Codes'
  Missing documentation for:
    cursorUpCode (System/Console/ANSI/Codes.hs:110)
    cursorDownCode (System/Console/ANSI/Codes.hs:110)
    cursorForwardCode (System/Console/ANSI/Codes.hs:110)
    cursorBackwardCode (System/Console/ANSI/Codes.hs:110)
    cursorUpLineCode (System/Console/ANSI/Codes.hs:117)
    cursorDownLineCode (System/Console/ANSI/Codes.hs:117)
    setCursorColumnCode (System/Console/ANSI/Codes.hs:122)
    setCursorPositionCode (System/Console/ANSI/Codes.hs:126)
    clearFromCursorToScreenEndCode (System/Console/ANSI/Codes.hs:131)
    clearFromCursorToScreenBeginningCode (System/Console/ANSI/Codes.hs:131)
    clearScreenCode (System/Console/ANSI/Codes.hs:131)
    clearFromCursorToLineEndCode (System/Console/ANSI/Codes.hs:132)
    clearFromCursorToLineBeginningCode (System/Console/ANSI/Codes.hs:132)
    clearLineCode (System/Console/ANSI/Codes.hs:132)
    scrollPageUpCode (System/Console/ANSI/Codes.hs:141)
    scrollPageDownCode (System/Console/ANSI/Codes.hs:141)
    setSGRCode (System/Console/ANSI/Codes.hs:146)
    hideCursorCode (System/Console/ANSI/Codes.hs:153)
    showCursorCode (System/Console/ANSI/Codes.hs:153)
  31% ( 23 / 75) in 'System.Console.ANSI.Unix'
  Missing documentation for:
    Module header
    cursorUp (includes/Common-Include.hs:9)
    cursorDown (includes/Common-Include.hs:9)
    cursorForward (includes/Common-Include.hs:9)
    cursorBackward (includes/Common-Include.hs:9)
    hCursorUp (includes/Common-Include.hs:6)
    hCursorDown (includes/Common-Include.hs:6)
    hCursorForward (includes/Common-Include.hs:6)
    hCursorBackward (includes/Common-Include.hs:6)
    cursorUpCode (System/Console/ANSI/Codes.hs:110)
    cursorDownCode (System/Console/ANSI/Codes.hs:110)
    cursorForwardCode (System/Console/ANSI/Codes.hs:110)
    cursorBackwardCode (System/Console/ANSI/Codes.hs:110)
    cursorUpLine (includes/Common-Include.hs:19)
    cursorDownLine (includes/Common-Include.hs:19)
    hCursorUpLine (includes/Common-Include.hs:16)
    hCursorDownLine (includes/Common-Include.hs:16)
    cursorUpLineCode (System/Console/ANSI/Codes.hs:117)
    cursorDownLineCode (System/Console/ANSI/Codes.hs:117)
    setCursorColumn (includes/Common-Include.hs:27)
    hSetCursorColumn (includes/Common-Include.hs:24)
    setCursorColumnCode (System/Console/ANSI/Codes.hs:122)
    setCursorPosition (includes/Common-Include.hs:35)
    hSetCursorPosition (includes/Common-Include.hs:31)
    setCursorPositionCode (System/Console/ANSI/Codes.hs:126)
    clearFromCursorToScreenEnd (includes/Common-Include.hs:42)
    clearFromCursorToScreenBeginning (includes/Common-Include.hs:42)
    clearScreen (includes/Common-Include.hs:42)
    hClearFromCursorToScreenEnd (includes/Common-Include.hs:40)
    hClearFromCursorToScreenBeginning (includes/Common-Include.hs:40)
    hClearScreen (includes/Common-Include.hs:40)
    clearFromCursorToScreenEndCode (System/Console/ANSI/Codes.hs:131)
    clearFromCursorToScreenBeginningCode (System/Console/ANSI/Codes.hs:131)
    clearScreenCode (System/Console/ANSI/Codes.hs:131)
    clearFromCursorToLineEnd (includes/Common-Include.hs:49)
    clearFromCursorToLineBeginning (includes/Common-Include.hs:49)
    clearLine (includes/Common-Include.hs:49)
    hClearFromCursorToLineEnd (includes/Common-Include.hs:47)
    hClearFromCursorToLineBeginning (includes/Common-Include.hs:47)
    hClearLine (includes/Common-Include.hs:47)
    clearFromCursorToLineEndCode (System/Console/ANSI/Codes.hs:132)
    clearFromCursorToLineBeginningCode (System/Console/ANSI/Codes.hs:132)
    clearLineCode (System/Console/ANSI/Codes.hs:132)
    scrollPageUpCode (System/Console/ANSI/Codes.hs:141)
    scrollPageDownCode (System/Console/ANSI/Codes.hs:141)
    setSGRCode (System/Console/ANSI/Codes.hs:146)
    hideCursor (includes/Common-Include.hs:82)
    showCursor (includes/Common-Include.hs:82)
    hHideCursor (includes/Common-Include.hs:80)
    hShowCursor (includes/Common-Include.hs:80)
    hideCursorCode (System/Console/ANSI/Codes.hs:153)
    showCursorCode (System/Console/ANSI/Codes.hs:153)
  32% ( 24 / 75) in 'System.Console.ANSI'
  Missing documentation for:
    cursorUp (includes/Common-Include.hs:9)
    cursorDown (includes/Common-Include.hs:9)
    cursorForward (includes/Common-Include.hs:9)
    cursorBackward (includes/Common-Include.hs:9)
    hCursorUp (includes/Common-Include.hs:6)
    hCursorDown (includes/Common-Include.hs:6)
    hCursorForward (includes/Common-Include.hs:6)
    hCursorBackward (includes/Common-Include.hs:6)
    cursorUpCode (System/Console/ANSI/Codes.hs:110)
    cursorDownCode (System/Console/ANSI/Codes.hs:110)
    cursorForwardCode (System/Console/ANSI/Codes.hs:110)
    cursorBackwardCode (System/Console/ANSI/Codes.hs:110)
    cursorUpLine (includes/Common-Include.hs:19)
    cursorDownLine (includes/Common-Include.hs:19)
    hCursorUpLine (includes/Common-Include.hs:16)
    hCursorDownLine (includes/Common-Include.hs:16)
    cursorUpLineCode (System/Console/ANSI/Codes.hs:117)
    cursorDownLineCode (System/Console/ANSI/Codes.hs:117)
    setCursorColumn (includes/Common-Include.hs:27)
    hSetCursorColumn (includes/Common-Include.hs:24)
    setCursorColumnCode (System/Console/ANSI/Codes.hs:122)
    setCursorPosition (includes/Common-Include.hs:35)
    hSetCursorPosition (includes/Common-Include.hs:31)
    setCursorPositionCode (System/Console/ANSI/Codes.hs:126)
    clearFromCursorToScreenEnd (includes/Common-Include.hs:42)
    clearFromCursorToScreenBeginning (includes/Common-Include.hs:42)
    clearScreen (includes/Common-Include.hs:42)
    hClearFromCursorToScreenEnd (includes/Common-Include.hs:40)
    hClearFromCursorToScreenBeginning (includes/Common-Include.hs:40)
    hClearScreen (includes/Common-Include.hs:40)
    clearFromCursorToScreenEndCode (System/Console/ANSI/Codes.hs:131)
    clearFromCursorToScreenBeginningCode (System/Console/ANSI/Codes.hs:131)
    clearScreenCode (System/Console/ANSI/Codes.hs:131)
    clearFromCursorToLineEnd (includes/Common-Include.hs:49)
    clearFromCursorToLineBeginning (includes/Common-Include.hs:49)
    clearLine (includes/Common-Include.hs:49)
    hClearFromCursorToLineEnd (includes/Common-Include.hs:47)
    hClearFromCursorToLineBeginning (includes/Common-Include.hs:47)
    hClearLine (includes/Common-Include.hs:47)
    clearFromCursorToLineEndCode (System/Console/ANSI/Codes.hs:132)
    clearFromCursorToLineBeginningCode (System/Console/ANSI/Codes.hs:132)
    clearLineCode (System/Console/ANSI/Codes.hs:132)
    scrollPageUpCode (System/Console/ANSI/Codes.hs:141)
    scrollPageDownCode (System/Console/ANSI/Codes.hs:141)
    setSGRCode (System/Console/ANSI/Codes.hs:146)
    hideCursor (includes/Common-Include.hs:82)
    showCursor (includes/Common-Include.hs:82)
    hHideCursor (includes/Common-Include.hs:80)
    hShowCursor (includes/Common-Include.hs:80)
    hideCursorCode (System/Console/ANSI/Codes.hs:153)
    showCursorCode (System/Console/ANSI/Codes.hs:153)
Warning: System.Console.ANSI.Types: could not find link destinations for:
    unsafeIndex unsafeRangeSize
Documentation created:
.stack-work/dist/x86_64-osx/Cabal-1.24.2.0/doc/html/ansi-terminal/index.html
Installing library in
/Users/Sam/.stack/snapshots/x86_64-osx/lts-9.14/8.0.2/lib/x86_64-osx-ghc-8.0.2/ansi-terminal-0.6.3.1-3RTqikoQf47ajVD9m8zgB
Registering ansi-terminal-0.6.3.1...
