Configuring asn1-parse-0.9.4...
Building asn1-parse-0.9.4...
Preprocessing library asn1-parse-0.9.4...
[1 of 1] Compiling Data.ASN1.Parse  ( Data/ASN1/Parse.hs, .stack-work/dist/x86_64-linux-dkda49f7ca9b244180d3cfb1987cbc9743/Cabal-1.24.2.0/build/Data/ASN1/Parse.o )

Data/ASN1/Parse.hs:30:1: warning: [-Wunused-imports]
    The import of ‘Control.Applicative’ is redundant
      except perhaps to import instances from ‘Control.Applicative’
    To import instances alone, use: import Control.Applicative()
Running Haddock for asn1-parse-0.9.4...
Preprocessing library asn1-parse-0.9.4...

Data/ASN1/Parse.hs:30:1: warning: [-Wunused-imports]
    The import of ‘Control.Applicative’ is redundant
      except perhaps to import instances from ‘Control.Applicative’
    To import instances alone, use: import Control.Applicative()
Haddock coverage:
  94% ( 15 / 16) in 'Data.ASN1.Parse'
  Missing documentation for:
    ParseASN1 (Data/ASN1/Parse.hs:34)
Documentation created:
.stack-work/dist/x86_64-linux-dkda49f7ca9b244180d3cfb1987cbc9743/Cabal-1.24.2.0/doc/html/asn1-parse/index.html
Installing library in
/Users/Sam/.stack/snapshots/x86_64-linux-dkda49f7ca9b244180d3cfb1987cbc9743/lts-9.14/8.0.2/lib/x86_64-linux-ghc-8.0.2/asn1-parse-0.9.4-6p3N10LoCZ1LZiY7ld2HRl
Registering asn1-parse-0.9.4...
