Configuring cookie-0.4.3...
Building cookie-0.4.3...
Preprocessing library cookie-0.4.3...
[1 of 1] Compiling Web.Cookie       ( Web/Cookie.hs, .stack-work/dist/x86_64-linux-dkda49f7ca9b244180d3cfb1987cbc9743/Cabal-1.24.2.0/build/Web/Cookie.o )

Web/Cookie.hs:93:18: warning: [-Wdeprecations]
    In the use of ‘breakByte’ (imported from Data.ByteString):
    Deprecated: "It is an internal function and should never have been exported. Use 'break (== x)' instead. (There are rewrite rules that handle this special case of 'break'.)"

Web/Cookie.hs:249:21: warning: [-Wdeprecations]
    In the use of ‘parseTime’
    (imported from Data.Time, but defined in time-1.6.0.1:Data.Time.Format.Parse):
    Deprecated: "use "parseTimeM True" instead"
Running Haddock for cookie-0.4.3...
Preprocessing library cookie-0.4.3...

Web/Cookie.hs:93:18: warning: [-Wdeprecations]
    In the use of ‘breakByte’ (imported from Data.ByteString):
    Deprecated: "It is an internal function and should never have been exported. Use 'break (== x)' instead. (There are rewrite rules that handle this special case of 'break'.)"

Web/Cookie.hs:249:21: warning: [-Wdeprecations]
    In the use of ‘parseTime’
    (imported from Data.Time, but defined in time-1.6.0.1:Data.Time.Format.Parse):
    Deprecated: "use "parseTimeM True" instead"
Haddock coverage:
  67% ( 22 / 33) in 'Web.Cookie'
  Missing documentation for:
    Module header
    sameSiteLax (Web/Cookie.hs:140)
    sameSiteStrict (Web/Cookie.hs:143)
    parseSetCookie (Web/Cookie.hs:215)
    renderSetCookie (Web/Cookie.hs:182)
    Cookies (Web/Cookie.hs:75)
    renderCookies (Web/Cookie.hs:96)
    parseCookiesText (Web/Cookie.hs:65)
    renderCookiesText (Web/Cookie.hs:72)
    expiresFormat (Web/Cookie.hs:239)
    parseCookieExpires (Web/Cookie.hs:247)
Documentation created:
.stack-work/dist/x86_64-linux-dkda49f7ca9b244180d3cfb1987cbc9743/Cabal-1.24.2.0/doc/html/cookie/index.html
Installing library in
/Users/Sam/.stack/snapshots/x86_64-linux-dkda49f7ca9b244180d3cfb1987cbc9743/lts-9.14/8.0.2/lib/x86_64-linux-ghc-8.0.2/cookie-0.4.3-IlQtsuvb9r331305cnDYS1
Registering cookie-0.4.3...
