Configuring hslogger-1.2.10...
Building hslogger-1.2.10...
Preprocessing library hslogger-1.2.10...
[1 of 8] Compiling System.Log       ( src/System/Log.hs, .stack-work/dist/x86_64-linux-dkda49f7ca9b244180d3cfb1987cbc9743/Cabal-1.24.2.0/build/System/Log.o )
[2 of 8] Compiling System.Log.Formatter ( src/System/Log/Formatter.hs, .stack-work/dist/x86_64-linux-dkda49f7ca9b244180d3cfb1987cbc9743/Cabal-1.24.2.0/build/System/Log/Formatter.o )
[3 of 8] Compiling System.Log.Handler ( src/System/Log/Handler.hs, .stack-work/dist/x86_64-linux-dkda49f7ca9b244180d3cfb1987cbc9743/Cabal-1.24.2.0/build/System/Log/Handler.o )
[4 of 8] Compiling System.Log.Handler.Growl ( src/System/Log/Handler/Growl.hs, .stack-work/dist/x86_64-linux-dkda49f7ca9b244180d3cfb1987cbc9743/Cabal-1.24.2.0/build/System/Log/Handler/Growl.o )

src/System/Log/Handler/Growl.hs:47:59: warning: [-Wdeprecations]
    In the use of ‘sClose’ (imported from Network.Socket):
    Deprecated: "use 'close'"

src/System/Log/Handler/Growl.hs:50:21: warning: [-Wdeprecations]
    In the use of ‘sendTo’ (imported from Network.Socket):
    "Use sendTo defined in "Network.Socket.ByteString""

src/System/Log/Handler/Growl.hs:109:32: warning: [-Wdeprecations]
    In the use of ‘sendTo’ (imported from Network.Socket):
    "Use sendTo defined in "Network.Socket.ByteString""
[5 of 8] Compiling System.Log.Handler.Simple ( src/System/Log/Handler/Simple.hs, .stack-work/dist/x86_64-linux-dkda49f7ca9b244180d3cfb1987cbc9743/Cabal-1.24.2.0/build/System/Log/Handler/Simple.o )
[6 of 8] Compiling System.Log.Handler.Log4jXML ( src/System/Log/Handler/Log4jXML.hs, .stack-work/dist/x86_64-linux-dkda49f7ca9b244180d3cfb1987cbc9743/Cabal-1.24.2.0/build/System/Log/Handler/Log4jXML.o )
[7 of 8] Compiling System.Log.Handler.Syslog ( src/System/Log/Handler/Syslog.hs, .stack-work/dist/x86_64-linux-dkda49f7ca9b244180d3cfb1987cbc9743/Cabal-1.24.2.0/build/System/Log/Handler/Syslog.o )

src/System/Log/Handler/Syslog.hs:198:16: warning: [-Wdeprecations]
    In the use of ‘sClose’ (imported from Network.Socket):
    Deprecated: "use 'close'"

src/System/Log/Handler/Syslog.hs:260:33: warning: [-Wdeprecations]
    In the use of ‘sendTo’ (imported from Network.Socket):
    "Use sendTo defined in "Network.Socket.ByteString""

src/System/Log/Handler/Syslog.hs:261:33: warning: [-Wdeprecations]
    In the use of ‘send’ (imported from Network.Socket):
    "Use send defined in "Network.Socket.ByteString""

src/System/Log/Handler/Syslog.hs:278:16: warning: [-Wdeprecations]
    In the use of ‘sClose’ (imported from Network.Socket):
    Deprecated: "use 'close'"
[8 of 8] Compiling System.Log.Logger ( src/System/Log/Logger.hs, .stack-work/dist/x86_64-linux-dkda49f7ca9b244180d3cfb1987cbc9743/Cabal-1.24.2.0/build/System/Log/Logger.o )

src/System/Log/Logger.hs:201:1: warning: [-Wdeprecations]
    Module ‘Control.Monad.Error’ is deprecated:
      Use Control.Monad.Except instead
Running Haddock for hslogger-1.2.10...
Preprocessing library hslogger-1.2.10...

src/System/Log/Handler/Growl.hs:47:59: warning: [-Wdeprecations]
    In the use of ‘sClose’ (imported from Network.Socket):
    Deprecated: "use 'close'"

src/System/Log/Handler/Growl.hs:50:21: warning: [-Wdeprecations]
    In the use of ‘sendTo’ (imported from Network.Socket):
    "Use sendTo defined in "Network.Socket.ByteString""

src/System/Log/Handler/Growl.hs:109:32: warning: [-Wdeprecations]
    In the use of ‘sendTo’ (imported from Network.Socket):
    "Use sendTo defined in "Network.Socket.ByteString""

src/System/Log/Handler/Syslog.hs:198:16: warning: [-Wdeprecations]
    In the use of ‘sClose’ (imported from Network.Socket):
    Deprecated: "use 'close'"

src/System/Log/Handler/Syslog.hs:260:33: warning: [-Wdeprecations]
    In the use of ‘sendTo’ (imported from Network.Socket):
    "Use sendTo defined in "Network.Socket.ByteString""

src/System/Log/Handler/Syslog.hs:261:33: warning: [-Wdeprecations]
    In the use of ‘send’ (imported from Network.Socket):
    "Use send defined in "Network.Socket.ByteString""

src/System/Log/Handler/Syslog.hs:278:16: warning: [-Wdeprecations]
    In the use of ‘sClose’ (imported from Network.Socket):
    Deprecated: "use 'close'"

src/System/Log/Logger.hs:201:1: warning: [-Wdeprecations]
    Module ‘Control.Monad.Error’ is deprecated:
      Use Control.Monad.Except instead
Haddock coverage:
 100% (  4 /  4) in 'System.Log'
 100% (  6 /  6) in 'System.Log.Formatter'
 100% (  3 /  3) in 'System.Log.Handler'
 100% (  3 /  3) in 'System.Log.Handler.Growl'
 100% (  5 /  5) in 'System.Log.Handler.Simple'
 100% ( 17 / 17) in 'System.Log.Handler.Log4jXML'
  91% ( 10 / 11) in 'System.Log.Handler.Syslog'
  Missing documentation for:
    SyslogHandler (src/System/Log/Handler/Syslog.hs:132)
  97% ( 38 / 39) in 'System.Log.Logger'
  Missing documentation for:
    Logger (src/System/Log/Logger.hs:207)
Warning: System.Log.Handler.Growl: could not find link destinations for:
    GrowlHandler
Documentation created:
.stack-work/dist/x86_64-linux-dkda49f7ca9b244180d3cfb1987cbc9743/Cabal-1.24.2.0/doc/html/hslogger/index.html
Installing library in
/Users/Sam/.stack/snapshots/x86_64-linux-dkda49f7ca9b244180d3cfb1987cbc9743/lts-9.14/8.0.2/lib/x86_64-linux-ghc-8.0.2/hslogger-1.2.10-H89Xd1yg7GEK1gmqGqeuWo
Registering hslogger-1.2.10...
