Configuring mongoDB-2.3.0...
Building mongoDB-2.3.0...
Preprocessing library mongoDB-2.3.0...
[1 of 9] Compiling Database.MongoDB.Transport ( Database/MongoDB/Transport.hs, .stack-work/dist/x86_64-linux-dkda49f7ca9b244180d3cfb1987cbc9743/Cabal-1.24.2.0/build/Database/MongoDB/Transport.o )
[2 of 9] Compiling Database.MongoDB.Internal.Util ( Database/MongoDB/Internal/Util.hs, .stack-work/dist/x86_64-linux-dkda49f7ca9b244180d3cfb1987cbc9743/Cabal-1.24.2.0/build/Database/MongoDB/Internal/Util.o )

Database/MongoDB/Internal/Util.hs:24:1: warning: [-Wdeprecations]
    Module ‘Control.Monad.Error’ is deprecated:
      Use Control.Monad.Except instead

Database/MongoDB/Internal/Util.hs:72:34: warning: [-Wdeprecations]
    In the use of type constructor or class ‘Error’
    (imported from Control.Monad.Error, but defined in Control.Monad.Trans.Error):
    Deprecated: "Use Control.Monad.Trans.Except instead"

Database/MongoDB/Internal/Util.hs:74:31: warning: [-Wdeprecations]
    In the use of ‘strMsg’
    (imported from Control.Monad.Error, but defined in Control.Monad.Trans.Error):
    Deprecated: "Use Control.Monad.Trans.Except instead"
[3 of 9] Compiling Database.MongoDB.Internal.Protocol ( Database/MongoDB/Internal/Protocol.hs, .stack-work/dist/x86_64-linux-dkda49f7ca9b244180d3cfb1987cbc9743/Cabal-1.24.2.0/build/Database/MongoDB/Internal/Protocol.o )

Database/MongoDB/Internal/Protocol.hs:112:24: warning: [-Wdeprecations]
    In the use of ‘isEmptyChan’
    (imported from Control.Concurrent.Chan):
    Deprecated: "if you need this operation, use Control.Concurrent.STM.TChan instead.  See <http://ghc.haskell.org/trac/ghc/ticket/4154> for details"
[4 of 9] Compiling Database.MongoDB.Query ( Database/MongoDB/Query.hs, .stack-work/dist/x86_64-linux-dkda49f7ca9b244180d3cfb1987cbc9743/Cabal-1.24.2.0/build/Database/MongoDB/Query.o )

Database/MongoDB/Query.hs:74:1: warning: [-Wdeprecations]
    Module ‘Control.Monad.Error’ is deprecated:
      Use Control.Monad.Except instead

Database/MongoDB/Query.hs:140:10: warning: [-Wdeprecations]
    In the use of type constructor or class ‘Error’
    (imported from Control.Monad.Error, but defined in Control.Monad.Trans.Error):
    Deprecated: "Use Control.Monad.Trans.Except instead"

Database/MongoDB/Query.hs:140:10: warning: [-Wdeprecations]
    In the use of type constructor or class ‘Error’
    (imported from Control.Monad.Error, but defined in Control.Monad.Trans.Error):
    Deprecated: "Use Control.Monad.Trans.Except instead"
[5 of 9] Compiling Database.MongoDB.Connection ( Database/MongoDB/Connection.hs, .stack-work/dist/x86_64-linux-dkda49f7ca9b244180d3cfb1987cbc9743/Cabal-1.24.2.0/build/Database/MongoDB/Connection.o )

Database/MongoDB/Connection.hs:42:1: warning: [-Wdeprecations]
    Module ‘Control.Monad.Error’ is deprecated:
      Use Control.Monad.Except instead
[6 of 9] Compiling Database.MongoDB.Admin ( Database/MongoDB/Admin.hs, .stack-work/dist/x86_64-linux-dkda49f7ca9b244180d3cfb1987cbc9743/Cabal-1.24.2.0/build/Database/MongoDB/Admin.o )
[7 of 9] Compiling Database.MongoDB ( Database/MongoDB.hs, .stack-work/dist/x86_64-linux-dkda49f7ca9b244180d3cfb1987cbc9743/Cabal-1.24.2.0/build/Database/MongoDB.o )
[8 of 9] Compiling Database.MongoDB.GridFS ( Database/MongoDB/GridFS.hs, .stack-work/dist/x86_64-linux-dkda49f7ca9b244180d3cfb1987cbc9743/Cabal-1.24.2.0/build/Database/MongoDB/GridFS.o )

Database/MongoDB/GridFS.hs:27:1: warning: [-Wunused-imports]
    The import of ‘Control.Concurrent’ is redundant
      except perhaps to import instances from ‘Control.Concurrent’
    To import instances alone, use: import Control.Concurrent()

Database/MongoDB/GridFS.hs:30:1: warning: [-Wunused-imports]
    The import of ‘MonadTrans’
    from module ‘Control.Monad.Trans’ is redundant

Database/MongoDB/GridFS.hs:31:1: warning: [-Wunused-imports]
    The import of ‘Control.Monad.Trans.Resource’ is redundant
      except perhaps to import instances from ‘Control.Monad.Trans.Resource’
    To import instances alone, use: import Control.Monad.Trans.Resource()

Database/MongoDB/GridFS.hs:43:1: warning: [-Wunused-imports]
    The qualified import of ‘Data.Conduit.Binary’ is redundant
      except perhaps to import instances from ‘Data.Conduit.Binary’
    To import instances alone, use: import Data.Conduit.Binary()

Database/MongoDB/GridFS.hs:44:1: warning: [-Wunused-imports]
    The qualified import of ‘Data.Conduit.List’ is redundant
      except perhaps to import instances from ‘Data.Conduit.List’
    To import instances alone, use: import Data.Conduit.List()

Database/MongoDB/GridFS.hs:120:5: warning: [-Wunused-top-binds]
    Defined but not used: ‘fwChunkSize’

Database/MongoDB/GridFS.hs:121:5: warning: [-Wunused-top-binds]
    Defined but not used: ‘fwBucket’

Database/MongoDB/GridFS.hs:122:5: warning: [-Wunused-top-binds]
    Defined but not used: ‘fwFilesId’

Database/MongoDB/GridFS.hs:123:5: warning: [-Wunused-top-binds]
    Defined but not used: ‘fwChunkIndex’

Database/MongoDB/GridFS.hs:124:5: warning: [-Wunused-top-binds]
    Defined but not used: ‘fwSize’

Database/MongoDB/GridFS.hs:125:5: warning: [-Wunused-top-binds]
    Defined but not used: ‘fwAcc’

Database/MongoDB/GridFS.hs:126:5: warning: [-Wunused-top-binds]
    Defined but not used: ‘fwMd5Context’

Database/MongoDB/GridFS.hs:127:5: warning: [-Wunused-top-binds]
    Defined but not used: ‘fwMd5acc’

Database/MongoDB/GridFS.hs:135:3: warning: [-Wname-shadowing]
    This binding for ‘timestamp’ shadows the existing binding
      imported from ‘Database.MongoDB’ at Database/MongoDB/GridFS.hs:38:1-23
      (and originally defined in ‘Data.Bson’)

Database/MongoDB/GridFS.hs:156:28: warning: [-Wname-shadowing]
    This binding for ‘rest’ shadows the existing binding
      imported from ‘Database.MongoDB’ at Database/MongoDB/GridFS.hs:38:1-23
      (and originally defined in ‘Database.MongoDB.Query’
         at Database/MongoDB/Query.hs:1289:1-4)

Database/MongoDB/GridFS.hs:164:12: warning: [-Wname-shadowing]
    This binding for ‘chunk’ shadows the existing binding
      bound at Database/MongoDB/GridFS.hs:148:81
[9 of 9] Compiling Database.MongoDB.Transport.Tls ( Database/MongoDB/Transport/Tls.hs, .stack-work/dist/x86_64-linux-dkda49f7ca9b244180d3cfb1987cbc9743/Cabal-1.24.2.0/build/Database/MongoDB/Transport/Tls.o )
Running Haddock for mongoDB-2.3.0...
Preprocessing library mongoDB-2.3.0...
Warning: The documentation for the following packages are not installed. No
links will be generated to these packages: fail-4.9.0.0

Database/MongoDB/Internal/Util.hs:24:1: warning: [-Wdeprecations]
    Module ‘Control.Monad.Error’ is deprecated:
      Use Control.Monad.Except instead

Database/MongoDB/Internal/Util.hs:72:34: warning: [-Wdeprecations]
    In the use of type constructor or class ‘Error’
    (imported from Control.Monad.Error, but defined in Control.Monad.Trans.Error):
    Deprecated: "Use Control.Monad.Trans.Except instead"

Database/MongoDB/Internal/Util.hs:74:31: warning: [-Wdeprecations]
    In the use of ‘strMsg’
    (imported from Control.Monad.Error, but defined in Control.Monad.Trans.Error):
    Deprecated: "Use Control.Monad.Trans.Except instead"

Database/MongoDB/Internal/Protocol.hs:112:24: warning: [-Wdeprecations]
    In the use of ‘isEmptyChan’
    (imported from Control.Concurrent.Chan):
    Deprecated: "if you need this operation, use Control.Concurrent.STM.TChan instead.  See <http://ghc.haskell.org/trac/ghc/ticket/4154> for details"

Database/MongoDB/Query.hs:74:1: warning: [-Wdeprecations]
    Module ‘Control.Monad.Error’ is deprecated:
      Use Control.Monad.Except instead

Database/MongoDB/Query.hs:140:10: warning: [-Wdeprecations]
    In the use of type constructor or class ‘Error’
    (imported from Control.Monad.Error, but defined in Control.Monad.Trans.Error):
    Deprecated: "Use Control.Monad.Trans.Except instead"

Database/MongoDB/Query.hs:140:10: warning: [-Wdeprecations]
    In the use of type constructor or class ‘Error’
    (imported from Control.Monad.Error, but defined in Control.Monad.Trans.Error):
    Deprecated: "Use Control.Monad.Trans.Except instead"

Database/MongoDB/Connection.hs:42:1: warning: [-Wdeprecations]
    Module ‘Control.Monad.Error’ is deprecated:
      Use Control.Monad.Except instead

Database/MongoDB/GridFS.hs:27:1: warning: [-Wunused-imports]
    The import of ‘Control.Concurrent’ is redundant
      except perhaps to import instances from ‘Control.Concurrent’
    To import instances alone, use: import Control.Concurrent()

Database/MongoDB/GridFS.hs:30:1: warning: [-Wunused-imports]
    The import of ‘MonadTrans’
    from module ‘Control.Monad.Trans’ is redundant

Database/MongoDB/GridFS.hs:31:1: warning: [-Wunused-imports]
    The import of ‘Control.Monad.Trans.Resource’ is redundant
      except perhaps to import instances from ‘Control.Monad.Trans.Resource’
    To import instances alone, use: import Control.Monad.Trans.Resource()

Database/MongoDB/GridFS.hs:43:1: warning: [-Wunused-imports]
    The qualified import of ‘Data.Conduit.Binary’ is redundant
      except perhaps to import instances from ‘Data.Conduit.Binary’
    To import instances alone, use: import Data.Conduit.Binary()

Database/MongoDB/GridFS.hs:44:1: warning: [-Wunused-imports]
    The qualified import of ‘Data.Conduit.List’ is redundant
      except perhaps to import instances from ‘Data.Conduit.List’
    To import instances alone, use: import Data.Conduit.List()

Database/MongoDB/GridFS.hs:120:5: warning: [-Wunused-top-binds]
    Defined but not used: ‘fwChunkSize’

Database/MongoDB/GridFS.hs:121:5: warning: [-Wunused-top-binds]
    Defined but not used: ‘fwBucket’

Database/MongoDB/GridFS.hs:122:5: warning: [-Wunused-top-binds]
    Defined but not used: ‘fwFilesId’

Database/MongoDB/GridFS.hs:123:5: warning: [-Wunused-top-binds]
    Defined but not used: ‘fwChunkIndex’

Database/MongoDB/GridFS.hs:124:5: warning: [-Wunused-top-binds]
    Defined but not used: ‘fwSize’

Database/MongoDB/GridFS.hs:125:5: warning: [-Wunused-top-binds]
    Defined but not used: ‘fwAcc’

Database/MongoDB/GridFS.hs:126:5: warning: [-Wunused-top-binds]
    Defined but not used: ‘fwMd5Context’

Database/MongoDB/GridFS.hs:127:5: warning: [-Wunused-top-binds]
    Defined but not used: ‘fwMd5acc’

Database/MongoDB/GridFS.hs:135:3: warning: [-Wname-shadowing]
    This binding for ‘timestamp’ shadows the existing binding
      imported from ‘Database.MongoDB’ at Database/MongoDB/GridFS.hs:38:1-23
      (and originally defined in ‘Data.Bson’)

Database/MongoDB/GridFS.hs:156:28: warning: [-Wname-shadowing]
    This binding for ‘rest’ shadows the existing binding
      imported from ‘Database.MongoDB’ at Database/MongoDB/GridFS.hs:38:1-23
      (and originally defined in ‘Database.MongoDB.Query’
         at Database/MongoDB/Query.hs:1289:1-4)

Database/MongoDB/GridFS.hs:164:12: warning: [-Wname-shadowing]
    This binding for ‘chunk’ shadows the existing binding
      bound at Database/MongoDB/GridFS.hs:148:81
Haddock coverage:
 100% (  3 /  3) in 'Database.MongoDB.Transport'
  72% ( 13 / 18) in 'Database.MongoDB.Internal.Util'
  Missing documentation for:
    mergesortM' (Database/MongoDB/Internal/Util.hs:41)
    merge_pairsM (Database/MongoDB/Internal/Util.hs:46)
    mergeM (Database/MongoDB/Internal/Util.hs:51)
    wrap (Database/MongoDB/Internal/Util.hs:61)
    whenJust (Database/MongoDB/Internal/Util.hs:81)
  57% ( 17 / 30) in 'Database.MongoDB.Internal.Protocol'
  Missing documentation for:
    InsertOption (Database/MongoDB/Internal/Protocol.hs:308)
    UpdateOption (Database/MongoDB/Internal/Protocol.hs:311)
    DeleteOption (Database/MongoDB/Internal/Protocol.hs:316)
    CursorId (Database/MongoDB/Internal/Protocol.hs:319)
    QueryOption (Database/MongoDB/Internal/Protocol.hs:389)
    ResponseFlag (Database/MongoDB/Internal/Protocol.hs:443)
    Username (Database/MongoDB/Internal/Protocol.hs:475)
    Password (Database/MongoDB/Internal/Protocol.hs:476)
    Nonce (Database/MongoDB/Internal/Protocol.hs:477)
    pwHash (Database/MongoDB/Internal/Protocol.hs:479)
    pwKey (Database/MongoDB/Internal/Protocol.hs:482)
    isClosed (Database/MongoDB/Internal/Protocol.hs:146)
    ServerData (Database/MongoDB/Internal/Protocol.hs:96)
  83% ( 91 /110) in 'Database.MongoDB.Query'
  Missing documentation for:
    liftDB (Database/MongoDB/Query.hs:218)
    HasMongoContext (Database/MongoDB/Query.hs:213)
    Database (Database/MongoDB/Query.hs:227)
    Username (Database/MongoDB/Internal/Protocol.hs:475)
    Password (Database/MongoDB/Internal/Protocol.hs:476)
    Select (Database/MongoDB/Query.hs:383)
    WriteResult (Database/MongoDB/Query.hs:156)
    UpdateOption (Database/MongoDB/Internal/Protocol.hs:311)
    Upserted (Database/MongoDB/Query.hs:175)
    DeleteOption (Database/MongoDB/Internal/Protocol.hs:316)
    QueryOption (Database/MongoDB/Internal/Protocol.hs:389)
    FindAndModifyOpts (Database/MongoDB/Query.hs:1054)
    defFamUpdateOpts (Database/MongoDB/Query.hs:1062)
    closeCursor (Database/MongoDB/Query.hs:1291)
    isCursorClosed (Database/MongoDB/Query.hs:1299)
    MROut (Database/MongoDB/Query.hs:1372)
    MRMerge (Database/MongoDB/Query.hs:1377)
    retrieveServerData (Database/MongoDB/Query.hs:324)
    ServerData (Database/MongoDB/Internal/Protocol.hs:96)
  82% ( 23 / 28) in 'Database.MongoDB.Connection'
  Missing documentation for:
    Secs (Database/MongoDB/Connection.hs:106)
    isClosed (Database/MongoDB/Internal/Protocol.hs:146)
    Host (Database/MongoDB/Connection.hs:67)
    PortID
    ReplicaSetName (Database/MongoDB/Connection.hs:129)
  61% ( 30 / 49) in 'Database.MongoDB.Admin'
  Missing documentation for:
    CollectionOption (Database/MongoDB/Admin.hs:62)
    Index (Database/MongoDB/Admin.hs:96)
    IndexName (Database/MongoDB/Admin.hs:94)
    removeUser (Database/MongoDB/Admin.hs:206)
    serverBuildInfo (Database/MongoDB/Admin.hs:240)
    serverVersion (Database/MongoDB/Admin.hs:243)
    collectionStats (Database/MongoDB/Admin.hs:250)
    dataSize (Database/MongoDB/Admin.hs:253)
    storageSize (Database/MongoDB/Admin.hs:256)
    totalIndexSize (Database/MongoDB/Admin.hs:259)
    totalSize (Database/MongoDB/Admin.hs:262)
    ProfilingLevel (Database/MongoDB/Admin.hs:272)
    getProfilingLevel (Database/MongoDB/Admin.hs:274)
    MilliSec (Database/MongoDB/Admin.hs:277)
    setProfilingLevel (Database/MongoDB/Admin.hs:279)
    dbStats (Database/MongoDB/Admin.hs:285)
    OpNum (Database/MongoDB/Admin.hs:292)
    killOp (Database/MongoDB/Admin.hs:294)
    serverStatus (Database/MongoDB/Admin.hs:299)
 100% (  5 /  5) in 'Database.MongoDB'
  74% ( 14 / 19) in 'Database.MongoDB.GridFS'
  Missing documentation for:
    files (Database/MongoDB/GridFS.hs:50)
    chunks (Database/MongoDB/GridFS.hs:50)
    File (Database/MongoDB/GridFS.hs:66)
    document (Database/MongoDB/GridFS.hs:66)
    bucket (Database/MongoDB/GridFS.hs:66)
 100% (  2 /  2) in 'Database.MongoDB.Transport.Tls'
Warning: Database.MongoDB.Query: could not find link destinations for:
    CursorId Pipeline
Warning: Database.MongoDB.Connection: could not find link destinations for:
    Pipeline
Documentation created:
.stack-work/dist/x86_64-linux-dkda49f7ca9b244180d3cfb1987cbc9743/Cabal-1.24.2.0/doc/html/mongoDB/index.html
Installing library in
/Users/Sam/.stack/snapshots/x86_64-linux-dkda49f7ca9b244180d3cfb1987cbc9743/lts-9.14/8.0.2/lib/x86_64-linux-ghc-8.0.2/mongoDB-2.3.0-9itsAAkwM0MvUeu9Oip67
Registering mongoDB-2.3.0...
