Configuring network-uri-2.6.1.0...
Building network-uri-2.6.1.0...
Preprocessing library network-uri-2.6.1.0...
[1 of 1] Compiling Network.URI      ( Network/URI.hs, .stack-work/dist/x86_64-linux-dkda49f7ca9b244180d3cfb1987cbc9743/Cabal-1.24.2.0/build/Network/URI.o )
Running Haddock for network-uri-2.6.1.0...
Preprocessing library network-uri-2.6.1.0...
Haddock coverage:
  78% ( 39 / 50) in 'Network.URI'
  Missing documentation for:
    uriIsAbsolute (Network/URI.hs:321)
    uriIsRelative (Network/URI.hs:324)
    parseabsoluteURI (Network/URI.hs:1284)
    escapeString (Network/URI.hs:1288)
    reserved (Network/URI.hs:1292)
    unreserved (Network/URI.hs:1296)
    scheme (Network/URI.hs:1302)
    authority (Network/URI.hs:1306)
    path (Network/URI.hs:1314)
    query (Network/URI.hs:1318)
    fragment (Network/URI.hs:1322)
Documentation created:
.stack-work/dist/x86_64-linux-dkda49f7ca9b244180d3cfb1987cbc9743/Cabal-1.24.2.0/doc/html/network-uri/index.html
Installing library in
/Users/Sam/.stack/snapshots/x86_64-linux-dkda49f7ca9b244180d3cfb1987cbc9743/lts-9.14/8.0.2/lib/x86_64-linux-ghc-8.0.2/network-uri-2.6.1.0-DAIg7jASSFJG8NNTU33HI8
Registering network-uri-2.6.1.0...
