Configuring pem-0.2.2...
Building pem-0.2.2...
Preprocessing library pem-0.2.2...
[1 of 4] Compiling Data.PEM.Types   ( Data/PEM/Types.hs, .stack-work/dist/x86_64-linux-dkda49f7ca9b244180d3cfb1987cbc9743/Cabal-1.24.2.0/build/Data/PEM/Types.o )
[2 of 4] Compiling Data.PEM.Writer  ( Data/PEM/Writer.hs, .stack-work/dist/x86_64-linux-dkda49f7ca9b244180d3cfb1987cbc9743/Cabal-1.24.2.0/build/Data/PEM/Writer.o )
[3 of 4] Compiling Data.PEM.Parser  ( Data/PEM/Parser.hs, .stack-work/dist/x86_64-linux-dkda49f7ca9b244180d3cfb1987cbc9743/Cabal-1.24.2.0/build/Data/PEM/Parser.o )
[4 of 4] Compiling Data.PEM         ( Data/PEM.hs, .stack-work/dist/x86_64-linux-dkda49f7ca9b244180d3cfb1987cbc9743/Cabal-1.24.2.0/build/Data/PEM.o )

Data/PEM.hs:11:1: warning: [-Wtabs]
    Tab character found here, and in one further location.
    Please use spaces instead.
Running Haddock for pem-0.2.2...
Preprocessing library pem-0.2.2...

Data/PEM.hs:11:1: warning: [-Wtabs]
    Tab character found here, and in one further location.
    Please use spaces instead.
Haddock coverage:
 100% (  2 /  2) in 'Data.PEM.Types'
 100% (  3 /  3) in 'Data.PEM.Writer'
 100% (  3 /  3) in 'Data.PEM.Parser'
 100% (  6 /  6) in 'Data.PEM'
Documentation created:
.stack-work/dist/x86_64-linux-dkda49f7ca9b244180d3cfb1987cbc9743/Cabal-1.24.2.0/doc/html/pem/index.html
Installing library in
/Users/Sam/.stack/snapshots/x86_64-linux-dkda49f7ca9b244180d3cfb1987cbc9743/lts-9.14/8.0.2/lib/x86_64-linux-ghc-8.0.2/pem-0.2.2-CkEwei5500yF2642aAaOAi
Registering pem-0.2.2...
