[1 of 2] Compiling Main             ( /private/var/folders/py/gzb4ztjs0wz77n8jl710g8_h0000gn/T/stack32217/system-filepath-0.4.13.4/Setup.hs, /private/var/folders/py/gzb4ztjs0wz77n8jl710g8_h0000gn/T/stack32217/system-filepath-0.4.13.4/.stack-work/dist/x86_64-osx/Cabal-1.24.2.0/setup/Main.o )

/private/var/folders/py/gzb4ztjs0wz77n8jl710g8_h0000gn/T/stack32217/system-filepath-0.4.13.4/Setup.hs:7:1: warning: [-Wtabs]
    Tab character found here, and in 9 further locations.
    Please use spaces instead.
[2 of 2] Compiling StackSetupShim   ( /Users/Sam/.stack/setup-exe-src/setup-shim-mPHDZzAJ.hs, /private/var/folders/py/gzb4ztjs0wz77n8jl710g8_h0000gn/T/stack32217/system-filepath-0.4.13.4/.stack-work/dist/x86_64-osx/Cabal-1.24.2.0/setup/StackSetupShim.o )
Linking /private/var/folders/py/gzb4ztjs0wz77n8jl710g8_h0000gn/T/stack32217/system-filepath-0.4.13.4/.stack-work/dist/x86_64-osx/Cabal-1.24.2.0/setup/setup ...
Configuring system-filepath-0.4.13.4...
Building system-filepath-0.4.13.4...
Preprocessing library system-filepath-0.4.13.4...
[1 of 4] Compiling Filesystem.Path.Internal ( lib/Filesystem/Path/Internal.hs, .stack-work/dist/x86_64-osx/Cabal-1.24.2.0/build/Filesystem/Path/Internal.o )

lib/Filesystem/Path/Internal.hs:17:1: warning: [-Wunused-imports]
    The qualified import of ‘Control.Exception’ is redundant
      except perhaps to import instances from ‘Control.Exception’
    To import instances alone, use: import Control.Exception()

lib/Filesystem/Path/Internal.hs:26:1: warning: [-Wunused-imports]
    The import of ‘Data.Text.Encoding.Error’ is redundant
      except perhaps to import instances from ‘Data.Text.Encoding.Error’
    To import instances alone, use: import Data.Text.Encoding.Error()

lib/Filesystem/Path/Internal.hs:39:1: warning: [-Wtabs]
    Tab character found here, and in 170 further locations.
    Please use spaces instead.
[2 of 4] Compiling Filesystem.Path  ( lib/Filesystem/Path.hs, .stack-work/dist/x86_64-osx/Cabal-1.24.2.0/build/Filesystem/Path.o )

lib/Filesystem/Path.hs:17:1: warning: [-Wtabs]
    Tab character found here, and in 264 further locations.
    Please use spaces instead.
[3 of 4] Compiling Filesystem.Path.Rules ( lib/Filesystem/Path/Rules.hs, .stack-work/dist/x86_64-osx/Cabal-1.24.2.0/build/Filesystem/Path/Rules.o )

lib/Filesystem/Path/Rules.hs:10:1: warning: [-Wtabs]
    Tab character found here, and in 291 further locations.
    Please use spaces instead.
[4 of 4] Compiling Filesystem.Path.CurrentOS ( lib/Filesystem/Path/CurrentOS.hs, .stack-work/dist/x86_64-osx/Cabal-1.24.2.0/build/Filesystem/Path/CurrentOS.o )

lib/Filesystem/Path/CurrentOS.hs:18:1: warning: [-Wtabs]
    Tab character found here, and in 23 further locations.
    Please use spaces instead.

lib/Filesystem/Path/CurrentOS.hs:37:1: warning: [-Wunused-imports]
    The qualified import of ‘Data.ByteString’ is redundant
      except perhaps to import instances from ‘Data.ByteString’
    To import instances alone, use: import Data.ByteString()
Running Haddock for system-filepath-0.4.13.4...
Preprocessing library system-filepath-0.4.13.4...

lib/Filesystem/Path/Internal.hs:39:1: warning: [-Wtabs]
    Tab character found here, and in 114 further locations.
    Please use spaces instead.

lib/Filesystem/Path/Internal.hs:17:1: warning: [-Wunused-imports]
    The qualified import of ‘Control.Exception’ is redundant
      except perhaps to import instances from ‘Control.Exception’
    To import instances alone, use: import Control.Exception()

lib/Filesystem/Path/Internal.hs:26:1: warning: [-Wunused-imports]
    The import of ‘Data.Text.Encoding.Error’ is redundant
      except perhaps to import instances from ‘Data.Text.Encoding.Error’
    To import instances alone, use: import Data.Text.Encoding.Error()

lib/Filesystem/Path.hs:17:1: warning: [-Wtabs]
    Tab character found here, and in 264 further locations.
    Please use spaces instead.

lib/Filesystem/Path/Rules.hs:10:1: warning: [-Wtabs]
    Tab character found here, and in 291 further locations.
    Please use spaces instead.

lib/Filesystem/Path/CurrentOS.hs:18:1: warning: [-Wtabs]
    Tab character found here, and in 23 further locations.
    Please use spaces instead.

lib/Filesystem/Path/CurrentOS.hs:37:1: warning: [-Wunused-imports]
    The qualified import of ‘Data.ByteString’ is redundant
      except perhaps to import instances from ‘Data.ByteString’
    To import instances alone, use: import Data.ByteString()
Haddock coverage:
  11% (  3 / 28) in 'Filesystem.Path.Internal'
  Missing documentation for:
    Chunk (lib/Filesystem/Path/Internal.hs:33)
    Directory (lib/Filesystem/Path/Internal.hs:34)
    Basename (lib/Filesystem/Path/Internal.hs:35)
    Extension (lib/Filesystem/Path/Internal.hs:36)
    Root (lib/Filesystem/Path/Internal.hs:38)
    FilePath (lib/Filesystem/Path/Internal.hs:46)
     (lib/Filesystem/Path/Internal.hs:54)
     (lib/Filesystem/Path/Internal.hs:57)
     (lib/Filesystem/Path/Internal.hs:65)
     (lib/Filesystem/Path/Internal.hs:70)
    dot (lib/Filesystem/Path/Internal.hs:77)
    dots (lib/Filesystem/Path/Internal.hs:80)
    filenameChunk (lib/Filesystem/Path/Internal.hs:83)
    rootChunk (lib/Filesystem/Path/Internal.hs:90)
    rootText (lib/Filesystem/Path/Internal.hs:100)
    directoryChunks (lib/Filesystem/Path/Internal.hs:103)
     (lib/Filesystem/Path/Internal.hs:209)
    escape (lib/Filesystem/Path/Internal.hs:213)
    unescape (lib/Filesystem/Path/Internal.hs:216)
    unescape' (lib/Filesystem/Path/Internal.hs:223)
    unescapeBytes' (lib/Filesystem/Path/Internal.hs:226)
    splitBy (lib/Filesystem/Path/Internal.hs:233)
    textSplitBy (lib/Filesystem/Path/Internal.hs:240)
    parseFilename (lib/Filesystem/Path/Internal.hs:247)
    maybeDecodeUtf8 (lib/Filesystem/Path/Internal.hs:259)
  97% ( 33 / 34) in 'Filesystem.Path'
  Missing documentation for:
    FilePath (lib/Filesystem/Path/Internal.hs:46)
 100% ( 19 / 19) in 'Filesystem.Path.Rules'
  93% ( 13 / 14) in 'Filesystem.Path.CurrentOS'
  Missing documentation for:
    currentOS (lib/Filesystem/Path/CurrentOS.hs:53)
Documentation created:
.stack-work/dist/x86_64-osx/Cabal-1.24.2.0/doc/html/system-filepath/index.html
Installing library in
/Users/Sam/.stack/snapshots/x86_64-osx/lts-9.14/8.0.2/lib/x86_64-osx-ghc-8.0.2/system-filepath-0.4.13.4-1Onr71muBMoJ4AF6FUpTVo
Registering system-filepath-0.4.13.4...
