Configuring transformers-base-0.4.4...
Building transformers-base-0.4.4...
Preprocessing library transformers-base-0.4.4...
[1 of 1] Compiling Control.Monad.Base ( src/Control/Monad/Base.hs, .stack-work/dist/x86_64-linux-dkda49f7ca9b244180d3cfb1987cbc9743/Cabal-1.24.2.0/build/Control/Monad/Base.o )

src/Control/Monad/Base.hs:22:1: warning: [-Wunused-imports]
    The import of ‘Data.Monoid’ is redundant
      except perhaps to import instances from ‘Data.Monoid’
    To import instances alone, use: import Data.Monoid()
Running Haddock for transformers-base-0.4.4...
Preprocessing library transformers-base-0.4.4...

src/Control/Monad/Base.hs:22:1: warning: [-Wunused-imports]
    The import of ‘Data.Monoid’ is redundant
      except perhaps to import instances from ‘Data.Monoid’
    To import instances alone, use: import Data.Monoid()
Haddock coverage:
  33% (  1 /  3) in 'Control.Monad.Base'
  Missing documentation for:
    Module header
    MonadBase (src/Control/Monad/Base.hs:50)
Documentation created:
.stack-work/dist/x86_64-linux-dkda49f7ca9b244180d3cfb1987cbc9743/Cabal-1.24.2.0/doc/html/transformers-base/index.html
Installing library in
/Users/Sam/.stack/snapshots/x86_64-linux-dkda49f7ca9b244180d3cfb1987cbc9743/lts-9.14/8.0.2/lib/x86_64-linux-ghc-8.0.2/transformers-base-0.4.4-3He1TF3rGvT5F5jDQb7kpc
Registering transformers-base-0.4.4...
