Configuring file-server-api-0.1.0.0...
Preprocessing library file-server-api-0.1.0.0...
Running Haddock for file-server-api-0.1.0.0...
Preprocessing library file-server-api-0.1.0.0...
Warning: The documentation for the following packages are not installed. No
links will be generated to these packages: bytestring-builder-0.10.8.1.0
Haddock coverage:
   0% (  0 /  2) in 'Lib'
  Missing documentation for:
    Module header
    someFunc (src/Lib.hs:5)
  25% (  2 /  8) in 'API'
  Missing documentation for:
    Module header
    Message (src/API.hs:27)
    DirectoryResponse (src/API.hs:31)
    DirectoryAPI (src/API.hs:59)
    InterServerAPI (src/API.hs:62)
    LockAPI (src/API.hs:64)
   0% (  0 / 10) in 'ClientAPI'
  Missing documentation for:
    Module header
    fileAPI (src/ClientAPI.hs:16)
    directoryAPI (src/ClientAPI.hs:19)
    lockAPI (src/ClientAPI.hs:22)
    postFile (src/ClientAPI.hs:25)
    getFile (src/ClientAPI.hs:26)
    postDirectory (src/ClientAPI.hs:29)
    getDirectory (src/ClientAPI.hs:30)
    lockFile (src/ClientAPI.hs:32)
    unlockFile (src/ClientAPI.hs:33)
   0% (  0 /  3) in 'ServerAPI'
  Missing documentation for:
    Module header
    interServerAPI (src/ServerAPI.hs:19)
    addServer (src/ServerAPI.hs:22)
Documentation created:
.stack-work/dist/x86_64-linux-dkda49f7ca9b244180d3cfb1987cbc9743/Cabal-1.24.2.0/doc/html/file-server-api/index.html
Installing library in
/Users/Sam/distributedFileSystem/directory-server/.stack-work/install/x86_64-linux-dkda49f7ca9b244180d3cfb1987cbc9743/lts-9.14/8.0.2/lib/x86_64-linux-ghc-8.0.2/file-server-api-0.1.0.0-FogueR1zkvE6hesF4r0hNv
Registering file-server-api-0.1.0.0...
